<?xml version="1.0" encoding="UTF-8"?>
<!-- Generated by org.testng.reporters.JUnitReportReporter -->
<testsuite hostname="ITL-HG23" failures="0" tests="3" name="com.tutorialsninja.qa.testcases.SearchTest" time="12.557" errors="0" timestamp="2024-01-17T18:28:39 IST" skipped="0">
  <testcase classname="com.tutorialsninja.qa.testcases.SearchTest" name="searcWithValidProduct" time="4.185"/>
  <system-out/>
  <testcase classname="com.tutorialsninja.qa.testcases.SearchTest" name="searcWithInvalidProduct" time="4.104"/>
  <system-out/>
  <testcase classname="com.tutorialsninja.qa.testcases.SearchTest" name="searcWithoutProduct" time="4.268"/>
  <system-out/>
</testsuite> <!-- com.tutorialsninja.qa.testcases.SearchTest -->
